<?xml version="1.0" encoding="UTF-8"?>
<!-- Generated by org.testng.reporters.JUnitXMLReporter -->
<testsuite ignored="0" hostname="DESKTOP-M5FGJO2" failures="0" tests="3" name="Test" time="6.369" errors="0" timestamp="2022-03-01T08:48:23 COT">
  <testcase classname="com.testNG.EjemploTestNG" name="PruebaMLibre" time="0.0">
    <skipped/>
  </testcase> <!-- PruebaMLibre -->
  <testcase classname="com.testNG.EjemploTestNG" name="pruebaGuruTestNG" time="0.0">
    <skipped/>
  </testcase> <!-- pruebaGuruTestNG -->
  <testcase classname="com.testNG.EjemploTestNG" name="pruebaToolsQATestNG" time="0.0">
    <skipped/>
  </testcase> <!-- pruebaToolsQATestNG -->
</testsuite> <!-- Test -->
